Using pre-set license
Built from '2020.3/staging' branch; Version is '2020.3.17f1 (a4537701e4ab) revision 10769271'; Using compiler version '192528614'; Build Type 'Release'
OS: 'Windows 10 Home; OS build 19045.3930; Version 2009; 64bit' Language: 'en' Physical Memory: 16114 MB
BatchMode: 1, IsHumanControllingUs: 0, StartBugReporterOnCrash: 0, Is64bit: 1, IsPro: 0

COMMAND LINE ARGUMENTS:
C:\Program Files\Unity\Editor\Unity.exe
-adb2
-batchMode
-noUpm
-name
AssetImportWorker0
-projectPath
C:/Users/holia/OneDrive/Documents/GitHub/UXG3500_Slide_Studios/Unity/SlideStudios_Unlimited Bugs
-logFile
Logs/AssetImportWorker0.log
-srvPort
51756
Successfully changed project path to: C:/Users/holia/OneDrive/Documents/GitHub/UXG3500_Slide_Studios/Unity/SlideStudios_Unlimited Bugs
C:/Users/holia/OneDrive/Documents/GitHub/UXG3500_Slide_Studios/Unity/SlideStudios_Unlimited Bugs
Using Asset Import Pipeline V2.
Refreshing native plugins compatible for Editor in 0.20 ms, found 0 plugins.
Preloading 0 native plugins for Editor in 0.00 ms.
Initialize engine version: 2020.3.17f1 (a4537701e4ab)
[Subsystems] Discovering subsystems at path C:/Program Files/Unity/Editor/Data/Resources/UnitySubsystems
[Subsystems] Discovering subsystems at path C:/Users/holia/OneDrive/Documents/GitHub/UXG3500_Slide_Studios/Unity/SlideStudios_Unlimited Bugs/Assets
GfxDevice: creating device client; threaded=0
Direct3D:
    Version:  Direct3D 11.0 [level 11.1]
    Renderer: NVIDIA GeForce RTX 3060 Laptop GPU (ID=0x2560)
    Vendor:   
    VRAM:     6009 MB
    Driver:   31.0.15.3209
Initialize mono
Mono path[0] = 'C:/Program Files/Unity/Editor/Data/Managed'
Mono path[1] = 'C:/Program Files/Unity/Editor/Data/MonoBleedingEdge/lib/mono/unityjit'
Mono config path = 'C:/Program Files/Unity/Editor/Data/MonoBleedingEdge/etc'
Using monoOptions --debugger-agent=transport=dt_socket,embedding=1,server=y,suspend=n,address=127.0.0.1:56520
Begin MonoManager ReloadAssembly
Registering precompiled unity dll's ...
Register platform support module: C:/Program Files/Unity/Editor/Data/PlaybackEngines/WindowsStandaloneSupport/UnityEditor.WindowsStandalone.Extensions.dll
Registered in 0.001510 seconds.
Native extension for WindowsStandalone target not found
Refreshing native plugins compatible for Editor in 0.12 ms, found 0 plugins.
Preloading 0 native plugins for Editor in 0.00 ms.
Mono: successfully reloaded assembly
- Completed reload, in  0.906 seconds
Domain Reload Profiling:
	ReloadAssembly (906ms)
		BeginReloadAssembly (35ms)
			ExecutionOrderSort (0ms)
			DisableScriptedObjects (0ms)
			BackupInstance (0ms)
			ReleaseScriptingObjects (0ms)
			CreateAndSetChildDomain (1ms)
		EndReloadAssembly (379ms)
			LoadAssemblies (33ms)
			RebuildTransferFunctionScriptingTraits (0ms)
			SetupTypeCache (134ms)
			ReleaseScriptCaches (0ms)
			RebuildScriptCaches (34ms)
			SetupLoadedEditorAssemblies (138ms)
				LogAssemblyErrors (0ms)
				InitializePlatformSupportModulesInManaged (4ms)
				SetLoadedEditorAssemblies (0ms)
				RefreshPlugins (0ms)
				BeforeProcessingInitializeOnLoad (17ms)
				ProcessInitializeOnLoadAttributes (85ms)
				ProcessInitializeOnLoadMethodAttributes (31ms)
				AfterProcessingInitializeOnLoad (0ms)
				EditorAssembliesLoaded (0ms)
			ExecutionOrderSort2 (0ms)
			AwakeInstancesAfterBackupRestoration (0ms)
Platform modules already initialized, skipping
Registering precompiled user dll's ...
Registered in 0.000009 seconds.
Begin MonoManager ReloadAssembly
Native extension for WindowsStandalone target not found
Refreshing native plugins compatible for Editor in 0.01 ms, found 0 plugins.
Preloading 0 native plugins for Editor in 0.00 ms.
Mono: successfully reloaded assembly
- Completed reload, in  0.675 seconds
Domain Reload Profiling:
	ReloadAssembly (675ms)
		BeginReloadAssembly (129ms)
			ExecutionOrderSort (0ms)
			DisableScriptedObjects (6ms)
			BackupInstance (0ms)
			ReleaseScriptingObjects (0ms)
			CreateAndSetChildDomain (20ms)
		EndReloadAssembly (500ms)
			LoadAssemblies (31ms)
			RebuildTransferFunctionScriptingTraits (0ms)
			SetupTypeCache (169ms)
			ReleaseScriptCaches (0ms)
			RebuildScriptCaches (26ms)
			SetupLoadedEditorAssemblies (168ms)
				LogAssemblyErrors (0ms)
				InitializePlatformSupportModulesInManaged (6ms)
				SetLoadedEditorAssemblies (0ms)
				RefreshPlugins (0ms)
				BeforeProcessingInitializeOnLoad (68ms)
				ProcessInitializeOnLoadAttributes (81ms)
				ProcessInitializeOnLoadMethodAttributes (4ms)
				AfterProcessingInitializeOnLoad (8ms)
				EditorAssembliesLoaded (0ms)
			ExecutionOrderSort2 (0ms)
			AwakeInstancesAfterBackupRestoration (7ms)
Platform modules already initialized, skipping
========================================================================
Worker process is ready to serve import requests
Launched and connected shader compiler UnityShaderCompiler.exe after 0.04 seconds
Refreshing native plugins compatible for Editor in 0.01 ms, found 0 plugins.
Preloading 0 native plugins for Editor in 0.00 ms.
Unloading 6 Unused Serialized files (Serialized files now loaded: 0)
System memory in use before: 24.1 MB.
System memory in use after: 24.1 MB.

Unloading 2 unused Assets to reduce memory usage. Loaded Objects now: 445.
Total: 1.549300 ms (FindLiveObjects: 0.033800 ms CreateObjectMapping: 0.003100 ms MarkObjects: 1.453400 ms  DeleteObjects: 0.058200 ms)

AssetImportParameters requested are different than current active one (requested -> active):
  custom:framework-win-MediaFoundation: 216162199b28c13a410421893ffa2e32 -> 
  custom:video-decoder-ogg-theora: a1e56fd34408186e4bbccfd4996cb3dc -> 
  custom:container-muxer-webm: aa71ff27fc2769a1b78a27578f13a17b -> 
  custom:container-demuxer-webm: 4f35f7cbe854078d1ac9338744f61a02 -> 
  custom:container-demuxer-ogg: 62fdf1f143b41e24485cea50d1cbac27 -> 
  custom:video-encoder-webm-vp8: eb34c28f22e8b96e1ab97ce403110664 -> 
  custom:video-decoder-webm-vp8: 9c59270c3fd7afecdb556c50c9e8de78 -> 
  custom:audio-decoder-ogg-vorbis: bf7c407c2cedff20999df2af8eb42d56 -> 
  custom:audio-encoder-webm-vorbis: bf7c407c2cedff20999df2af8eb42d56 -> 
========================================================================
Received Import Request.
  path: Assets/Scenes
  artifactKey: Guid(94d3ae1e5754da840ad1985de6cf14c3) Importer(815301076,1909f56bfc062723c751e8b465ee728b)
Start importing Assets/Scenes using Guid(94d3ae1e5754da840ad1985de6cf14c3) Importer(815301076,1909f56bfc062723c751e8b465ee728b)  -> (artifact id: 'ff8212a0a526300265ed36b9f1714761') in 0.009214 seconds 
  Import took 0.010728 seconds .

========================================================================
Received Import Request.
  Time since last request: 0.000242 seconds.
  path: Assets/Scenes/SampleScene.unity
  artifactKey: Guid(9fc0d4010bbf28b4594072e72b8655ab) Importer(815301076,1909f56bfc062723c751e8b465ee728b)
Start importing Assets/Scenes/SampleScene.unity using Guid(9fc0d4010bbf28b4594072e72b8655ab) Importer(815301076,1909f56bfc062723c751e8b465ee728b)  -> (artifact id: 'dcc088d1731b590f9572c6f2bab98c6a') in 0.013357 seconds 
  Import took 0.014682 seconds .

========================================================================
Received Import Request.
  Time since last request: 5.566997 seconds.
  path: Assets/Scenes/Animation.unity
  artifactKey: Guid(9fc0d4010bbf28b4594072e72b8655ab) Importer(815301076,1909f56bfc062723c751e8b465ee728b)
Start importing Assets/Scenes/Animation.unity using Guid(9fc0d4010bbf28b4594072e72b8655ab) Importer(815301076,1909f56bfc062723c751e8b465ee728b)  -> (artifact id: 'df911ddf8912174ebe460a861409508c') in 0.009348 seconds 
  Import took 0.010554 seconds .

========================================================================
Received Import Request.
  Time since last request: 3.925705 seconds.
  path: Assets
  artifactKey: Guid(00000000000000001000000000000000) Importer(815301076,1909f56bfc062723c751e8b465ee728b)
Start importing Assets using Guid(00000000000000001000000000000000) Importer(815301076,1909f56bfc062723c751e8b465ee728b)  -> (artifact id: '42d402b061de3733987d63b9cc3b64de') in 0.009981 seconds 
  Import took 0.011549 seconds .

========================================================================
Received Import Request.
  Time since last request: 7.657330 seconds.
  path: Assets/Assets
  artifactKey: Guid(a222d53a2222dca4bb18b68a4e845821) Importer(815301076,1909f56bfc062723c751e8b465ee728b)
Start importing Assets/Assets using Guid(a222d53a2222dca4bb18b68a4e845821) Importer(815301076,1909f56bfc062723c751e8b465ee728b)  -> (artifact id: '5755d93673a4505a52467aec065f5516') in 0.001959 seconds 
  Import took 0.003095 seconds .

========================================================================
Received Import Request.
  Time since last request: 13.625184 seconds.
  path: Assets/Assets/tree2.fbx
  artifactKey: Guid(0db215efcc4216a49a784b3f50fc5a25) Importer(815301076,1909f56bfc062723c751e8b465ee728b)
Start importing Assets/Assets/tree2.fbx using Guid(0db215efcc4216a49a784b3f50fc5a25) Importer(815301076,1909f56bfc062723c751e8b465ee728b)  -> (artifact id: '45607bacb44a252b59ad6cb794b679a5') in 0.327463 seconds 
  Import took 0.327988 seconds .

========================================================================
Received Import Request.
  Time since last request: 0.000189 seconds.
  path: Assets/Assets/rock2.fbx
  artifactKey: Guid(a6699d59d0cd3ae41bf1ee5f3128e93c) Importer(815301076,1909f56bfc062723c751e8b465ee728b)
Start importing Assets/Assets/rock2.fbx using Guid(a6699d59d0cd3ae41bf1ee5f3128e93c) Importer(815301076,1909f56bfc062723c751e8b465ee728b)  -> (artifact id: '588c20c897de0c299a24670f77657357') in 0.019394 seconds 
  Import took 0.020144 seconds .

========================================================================
Received Import Request.
  Time since last request: 0.000201 seconds.
  path: Assets/Assets/rock1.fbx
  artifactKey: Guid(a709283c12bf4984f80310ae82f5feb3) Importer(815301076,1909f56bfc062723c751e8b465ee728b)
Start importing Assets/Assets/rock1.fbx using Guid(a709283c12bf4984f80310ae82f5feb3) Importer(815301076,1909f56bfc062723c751e8b465ee728b)  -> (artifact id: '31a1ab05a297e738f093bb0d8ad636b1') in 0.020924 seconds 
  Import took 0.021438 seconds .

========================================================================
Received Import Request.
  Time since last request: 0.000288 seconds.
  path: Assets/Assets/bush2.fbx
  artifactKey: Guid(8d82fe74ce5a42646a8c645d79d87d76) Importer(815301076,1909f56bfc062723c751e8b465ee728b)
Start importing Assets/Assets/bush2.fbx using Guid(8d82fe74ce5a42646a8c645d79d87d76) Importer(815301076,1909f56bfc062723c751e8b465ee728b)  -> (artifact id: '7d112fd2d27af102d0ba3585c7c9206b') in 0.033388 seconds 
  Import took 0.033888 seconds .

========================================================================
Received Import Request.
  Time since last request: 0.000179 seconds.
  path: Assets/Assets/leaf.fbx
  artifactKey: Guid(b3b660e15c60aad44998a2d960a37b56) Importer(815301076,1909f56bfc062723c751e8b465ee728b)
Start importing Assets/Assets/leaf.fbx using Guid(b3b660e15c60aad44998a2d960a37b56) Importer(815301076,1909f56bfc062723c751e8b465ee728b)  -> (artifact id: 'cfc8a55fe88656a2a09ffb71f0cfe400') in 0.036897 seconds 
  Import took 0.037418 seconds .

========================================================================
Received Import Request.
  Time since last request: 0.000197 seconds.
  path: Assets/Assets/bush1.fbx
  artifactKey: Guid(4f63463508f6c9345bdfc8debb9c6c49) Importer(815301076,1909f56bfc062723c751e8b465ee728b)
Start importing Assets/Assets/bush1.fbx using Guid(4f63463508f6c9345bdfc8debb9c6c49) Importer(815301076,1909f56bfc062723c751e8b465ee728b)  -> (artifact id: 'd44946341d5c6a31eb29e9f07ebd5ecd') in 0.041995 seconds 
  Import took 0.042515 seconds .

========================================================================
Received Import Request.
  Time since last request: 0.000182 seconds.
  path: Assets/Assets/tree1.fbx
  artifactKey: Guid(3d5fe5e4216471a41a5b4830c12f5f6a) Importer(815301076,1909f56bfc062723c751e8b465ee728b)
Start importing Assets/Assets/tree1.fbx using Guid(3d5fe5e4216471a41a5b4830c12f5f6a) Importer(815301076,1909f56bfc062723c751e8b465ee728b)  -> (artifact id: '22a60feae807d9c7401d9eb952acd792') in 0.055329 seconds 
  Import took 0.055990 seconds .

========================================================================
Received Import Request.
  Time since last request: 0.000242 seconds.
  path: Assets/Assets/terrain.fbx
  artifactKey: Guid(d9fd38c41c5abe342b1a5ddae628eab6) Importer(815301076,1909f56bfc062723c751e8b465ee728b)
Start importing Assets/Assets/terrain.fbx using Guid(d9fd38c41c5abe342b1a5ddae628eab6) Importer(815301076,1909f56bfc062723c751e8b465ee728b)  -> (artifact id: 'a4607cb644473167fa490332cd7164c9') in 0.029166 seconds 
  Import took 0.029956 seconds .

AssetImportWorkerClient::OnTransportError - code=2 error=End of file
